# JRE version: OpenJDK Runtime Environment GraalVM CE 22.0.0.2 (17.0.2+8) (build 17.0.2+8-jvmci-22.0-b05)
# Java VM: OpenJDK 64-Bit Server VM GraalVM CE 22.0.0.2 (17.0.2+8-jvmci-22.0-b05, mixed mode, sharing, tiered, jvmci, jvmci compiler, compressed oops, compressed class ptrs, g1 gc, windows-amd64)
GC Precious Log:
 CPUs: 24 total, 24 available
 Memory: 65481M
 Large Page Support: Disabled
 NUMA Support: Disabled
 Compressed Oops: Enabled (Zero based)
 Heap Region Size: 8M
 Heap Min Capacity: 8M
 Heap Initial Capacity: 1G
 Heap Max Capacity: 16376M
 Pre-touch: Disabled
 Parallel Workers: 18
 Concurrent Workers: 5
 Concurrent Refinement Workers: 18
 Periodic GC: Disabled
Heap:
 garbage-first heap   total 491520K, used 335731K [0x0000000400800000, 0x0000000800000000)
  region size 8192K, 7 young (57344K), 1 survivors (8192K)
 Metaspace       used 52456K, committed 52800K, reserved 1097728K
  class space    used 6094K, committed 6272K, reserved 1048576K
GC Heap History (20 events):
Event: 9.626 GC heap before
{Heap before GC invocations=10 (full 0):
 garbage-first heap   total 114688K, used 71938K [0x0000000400800000, 0x0000000800000000)
  region size 8192K, 6 young (49152K), 1 survivors (8192K)
 Metaspace       used 45294K, committed 45568K, reserved 1089536K
  class space    used 5606K, committed 5696K, reserved 1048576K
}
Event: 9.633 GC heap after
{Heap after GC invocations=11 (full 0):
 garbage-first heap   total 122880K, used 65995K [0x0000000400800000, 0x0000000800000000)
  region size 8192K, 1 young (8192K), 1 survivors (8192K)
 Metaspace       used 45294K, committed 45568K, reserved 1089536K
  class space    used 5606K, committed 5696K, reserved 1048576K
}
Event: 9.635 GC heap before
{Heap before GC invocations=11 (full 0):
 garbage-first heap   total 122880K, used 65995K [0x0000000400800000, 0x0000000800000000)
  region size 8192K, 2 young (16384K), 1 survivors (8192K)
 Metaspace       used 45294K, committed 45568K, reserved 1089536K
  class space    used 5606K, committed 5696K, reserved 1048576K
}
Event: 9.643 GC heap after
{Heap after GC invocations=12 (full 0):
 garbage-first heap   total 122880K, used 71613K [0x0000000400800000, 0x0000000800000000)
  region size 8192K, 1 young (8192K), 1 survivors (8192K)
 Metaspace       used 45294K, committed 45568K, reserved 1089536K
  class space    used 5606K, committed 5696K, reserved 1048576K
}
Event: 9.652 GC heap before
{Heap before GC invocations=12 (full 0):
 garbage-first heap   total 122880K, used 96189K [0x0000000400800000, 0x0000000800000000)
  region size 8192K, 1 young (8192K), 1 survivors (8192K)
 Metaspace       used 45294K, committed 45568K, reserved 1089536K
  class space    used 5606K, committed 5696K, reserved 1048576K
}
Event: 9.653 GC heap after
{Heap after GC invocations=13 (full 0):
 garbage-first heap   total 122880K, used 96174K [0x0000000400800000, 0x0000000800000000)
  region size 8192K, 1 young (8192K), 1 survivors (8192K)
 Metaspace       used 45294K, committed 45568K, reserved 1089536K
  class space    used 5606K, committed 5696K, reserved 1048576K
}
Event: 9.710 GC heap before
{Heap before GC invocations=14 (full 0):
 garbage-first heap   total 196608K, used 104366K [0x0000000400800000, 0x0000000800000000)
  region size 8192K, 2 young (16384K), 1 survivors (8192K)
 Metaspace       used 45358K, committed 45568K, reserved 1089536K
  class space    used 5606K, committed 5696K, reserved 1048576K
}
Event: 9.713 GC heap after
{Heap after GC invocations=15 (full 0):
 garbage-first heap   total 196608K, used 101443K [0x0000000400800000, 0x0000000800000000)
  region size 8192K, 1 young (8192K), 1 survivors (8192K)
 Metaspace       used 45358K, committed 45568K, reserved 1089536K
  class space    used 5606K, committed 5696K, reserved 1048576K
}
Event: 9.730 GC heap before
{Heap before GC invocations=15 (full 0):
 garbage-first heap   total 196608K, used 117827K [0x0000000400800000, 0x0000000800000000)
  region size 8192K, 3 young (24576K), 1 survivors (8192K)
 Metaspace       used 45358K, committed 45568K, reserved 1089536K
  class space    used 5606K, committed 5696K, reserved 1048576K
}
Event: 9.735 GC heap after
{Heap after GC invocations=16 (full 0):
 garbage-first heap   total 622592K, used 112337K [0x0000000400800000, 0x0000000800000000)
  region size 8192K, 1 young (8192K), 1 survivors (8192K)
 Metaspace       used 45358K, committed 45568K, reserved 1089536K
  class space    used 5606K, committed 5696K, reserved 1048576K
}
Event: 10.681 GC heap before
{Heap before GC invocations=17 (full 0):
 garbage-first heap   total 466944K, used 308945K [0x0000000400800000, 0x0000000800000000)
  region size 8192K, 23 young (188416K), 1 survivors (8192K)
 Metaspace       used 45772K, committed 46016K, reserved 1097728K
  class space    used 5618K, committed 5696K, reserved 1048576K
}
Event: 10.707 GC heap after
{Heap after GC invocations=18 (full 0):
 garbage-first heap   total 466944K, used 216744K [0x0000000400800000, 0x0000000800000000)
  region size 8192K, 3 young (24576K), 3 survivors (24576K)
 Metaspace       used 45772K, committed 46016K, reserved 1097728K
  class space    used 5618K, committed 5696K, reserved 1048576K
}
Event: 13.533 GC heap before
{Heap before GC invocations=18 (full 0):
 garbage-first heap   total 466944K, used 306856K [0x0000000400800000, 0x0000000800000000)
  region size 8192K, 12 young (98304K), 3 survivors (24576K)
 Metaspace       used 46226K, committed 46464K, reserved 1097728K
  class space    used 5640K, committed 5760K, reserved 1048576K
}
Event: 13.542 GC heap after
{Heap after GC invocations=19 (full 0):
 garbage-first heap   total 466944K, used 270667K [0x0000000400800000, 0x0000000800000000)
  region size 8192K, 2 young (16384K), 2 survivors (16384K)
 Metaspace       used 46226K, committed 46464K, reserved 1097728K
  class space    used 5640K, committed 5760K, reserved 1048576K
}
Event: 13.573 GC heap before
{Heap before GC invocations=19 (full 0):
 garbage-first heap   total 466944K, used 295243K [0x0000000400800000, 0x0000000800000000)
  region size 8192K, 6 young (49152K), 2 survivors (16384K)
 Metaspace       used 46258K, committed 46528K, reserved 1097728K
  class space    used 5640K, committed 5760K, reserved 1048576K
}
Event: 13.579 GC heap after
{Heap after GC invocations=20 (full 0):
 garbage-first heap   total 466944K, used 287102K [0x0000000400800000, 0x0000000800000000)
  region size 8192K, 1 young (8192K), 1 survivors (8192K)
 Metaspace       used 46258K, committed 46528K, reserved 1097728K
  class space    used 5640K, committed 5760K, reserved 1048576K
}
Event: 13.805 GC heap before
{Heap before GC invocations=21 (full 0):
 garbage-first heap   total 491520K, used 328062K [0x0000000400800000, 0x0000000800000000)
  region size 8192K, 5 young (40960K), 1 survivors (8192K)
 Metaspace       used 46439K, committed 46656K, reserved 1097728K
  class space    used 5660K, committed 5760K, reserved 1048576K
}
Event: 13.811 GC heap after
{Heap after GC invocations=22 (full 0):
 garbage-first heap   total 491520K, used 309491K [0x0000000400800000, 0x0000000800000000)
  region size 8192K, 1 young (8192K), 1 survivors (8192K)
 Metaspace       used 46439K, committed 46656K, reserved 1097728K
  class space    used 5660K, committed 5760K, reserved 1048576K
}
Event: 13.880 GC heap before
{Heap before GC invocations=22 (full 0):
 garbage-first heap   total 491520K, used 325875K [0x0000000400800000, 0x0000000800000000)
  region size 8192K, 3 young (24576K), 1 survivors (8192K)
 Metaspace       used 46720K, committed 46976K, reserved 1097728K
  class space    used 5660K, committed 5760K, reserved 1048576K
}
Event: 13.883 GC heap after
{Heap after GC invocations=23 (full 0):
 garbage-first heap   total 491520K, used 302963K [0x0000000400800000, 0x0000000800000000)
  region size 8192K, 1 young (8192K), 1 survivors (8192K)
 Metaspace       used 46720K, committed 46976K, reserved 1097728K
  class space    used 5660K, committed 5760K, reserved 1048576K
}

