# JRE version: OpenJDK Runtime Environment GraalVM CE 22.0.0.2 (17.0.2+8) (build 17.0.2+8-jvmci-22.0-b05)
# Java VM: OpenJDK 64-Bit Server VM GraalVM CE 22.0.0.2 (17.0.2+8-jvmci-22.0-b05, mixed mode, sharing, tiered, jvmci, jvmci compiler, compressed oops, compressed class ptrs, g1 gc, windows-amd64)
GC Precious Log:
 CPUs: 24 total, 24 available
 Memory: 65481M
 Large Page Support: Disabled
 NUMA Support: Disabled
 Compressed Oops: Enabled (Zero based)
 Heap Region Size: 8M
 Heap Min Capacity: 8M
 Heap Initial Capacity: 1G
 Heap Max Capacity: 16376M
 Pre-touch: Disabled
 Parallel Workers: 18
 Concurrent Workers: 5
 Concurrent Refinement Workers: 18
 Periodic GC: Disabled
Heap:
 garbage-first heap   total 581632K, used 334538K [0x0000000400800000, 0x0000000800000000)
  region size 8192K, 10 young (81920K), 2 survivors (16384K)
 Metaspace       used 53575K, committed 53888K, reserved 1097728K
  class space    used 6121K, committed 6272K, reserved 1048576K
GC Heap History (20 events):
Event: 8.318 GC heap before
{Heap before GC invocations=8 (full 0):
 garbage-first heap   total 114688K, used 74708K [0x0000000400800000, 0x0000000800000000)
  region size 8192K, 8 young (65536K), 1 survivors (8192K)
 Metaspace       used 44199K, committed 44480K, reserved 1089536K
  class space    used 5476K, committed 5632K, reserved 1048576K
}
Event: 8.321 GC heap after
{Heap after GC invocations=9 (full 0):
 garbage-first heap   total 114688K, used 22585K [0x0000000400800000, 0x0000000800000000)
  region size 8192K, 1 young (8192K), 1 survivors (8192K)
 Metaspace       used 44199K, committed 44480K, reserved 1089536K
  class space    used 5476K, committed 5632K, reserved 1048576K
}
Event: 8.371 GC heap before
{Heap before GC invocations=9 (full 0):
 garbage-first heap   total 114688K, used 30777K [0x0000000400800000, 0x0000000800000000)
  region size 8192K, 2 young (16384K), 1 survivors (8192K)
 Metaspace       used 45148K, committed 45376K, reserved 1089536K
  class space    used 5592K, committed 5696K, reserved 1048576K
}
Event: 8.376 GC heap after
{Heap after GC invocations=10 (full 0):
 garbage-first heap   total 114688K, used 26800K [0x0000000400800000, 0x0000000800000000)
  region size 8192K, 1 young (8192K), 1 survivors (8192K)
 Metaspace       used 45148K, committed 45376K, reserved 1089536K
  class space    used 5592K, committed 5696K, reserved 1048576K
}
Event: 8.421 GC heap before
{Heap before GC invocations=10 (full 0):
 garbage-first heap   total 114688K, used 59568K [0x0000000400800000, 0x0000000800000000)
  region size 8192K, 6 young (49152K), 1 survivors (8192K)
 Metaspace       used 45161K, committed 45440K, reserved 1089536K
  class space    used 5592K, committed 5696K, reserved 1048576K
}
Event: 8.426 GC heap after
{Heap after GC invocations=11 (full 0):
 garbage-first heap   total 114688K, used 48535K [0x0000000400800000, 0x0000000800000000)
  region size 8192K, 1 young (8192K), 1 survivors (8192K)
 Metaspace       used 45161K, committed 45440K, reserved 1089536K
  class space    used 5592K, committed 5696K, reserved 1048576K
}
Event: 8.467 GC heap before
{Heap before GC invocations=11 (full 0):
 garbage-first heap   total 114688K, used 64919K [0x0000000400800000, 0x0000000800000000)
  region size 8192K, 3 young (24576K), 1 survivors (8192K)
 Metaspace       used 45346K, committed 45568K, reserved 1089536K
  class space    used 5604K, committed 5696K, reserved 1048576K
}
Event: 8.471 GC heap after
{Heap after GC invocations=12 (full 0):
 garbage-first heap   total 114688K, used 63707K [0x0000000400800000, 0x0000000800000000)
  region size 8192K, 1 young (8192K), 1 survivors (8192K)
 Metaspace       used 45346K, committed 45568K, reserved 1089536K
  class space    used 5604K, committed 5696K, reserved 1048576K
}
Event: 8.476 GC heap before
{Heap before GC invocations=12 (full 0):
 garbage-first heap   total 114688K, used 63707K [0x0000000400800000, 0x0000000800000000)
  region size 8192K, 2 young (16384K), 1 survivors (8192K)
 Metaspace       used 45346K, committed 45568K, reserved 1089536K
  class space    used 5604K, committed 5696K, reserved 1048576K
}
Event: 8.479 GC heap after
{Heap after GC invocations=13 (full 0):
 garbage-first heap   total 581632K, used 71824K [0x0000000400800000, 0x0000000800000000)
  region size 8192K, 1 young (8192K), 1 survivors (8192K)
 Metaspace       used 45346K, committed 45568K, reserved 1089536K
  class space    used 5604K, committed 5696K, reserved 1048576K
}
Event: 8.754 GC heap before
{Heap before GC invocations=13 (full 0):
 garbage-first heap   total 581632K, used 284816K [0x0000000400800000, 0x0000000800000000)
  region size 8192K, 22 young (180224K), 1 survivors (8192K)
 Metaspace       used 45425K, committed 45632K, reserved 1089536K
  class space    used 5606K, committed 5696K, reserved 1048576K
}
Event: 8.781 GC heap after
{Heap after GC invocations=14 (full 0):
 garbage-first heap   total 581632K, used 192556K [0x0000000400800000, 0x0000000800000000)
  region size 8192K, 3 young (24576K), 3 survivors (24576K)
 Metaspace       used 45425K, committed 45632K, reserved 1089536K
  class space    used 5606K, committed 5696K, reserved 1048576K
}
Event: 11.081 GC heap before
{Heap before GC invocations=14 (full 0):
 garbage-first heap   total 581632K, used 307244K [0x0000000400800000, 0x0000000800000000)
  region size 8192K, 16 young (131072K), 3 survivors (24576K)
 Metaspace       used 46236K, committed 46464K, reserved 1097728K
  class space    used 5638K, committed 5760K, reserved 1048576K
}
Event: 11.091 GC heap after
{Heap after GC invocations=15 (full 0):
 garbage-first heap   total 581632K, used 245760K [0x0000000400800000, 0x0000000800000000)
  region size 8192K, 2 young (16384K), 2 survivors (16384K)
 Metaspace       used 46236K, committed 46464K, reserved 1097728K
  class space    used 5638K, committed 5760K, reserved 1048576K
}
Event: 11.207 GC heap before
{Heap before GC invocations=15 (full 0):
 garbage-first heap   total 581632K, used 311296K [0x0000000400800000, 0x0000000800000000)
  region size 8192K, 7 young (57344K), 2 survivors (16384K)
 Metaspace       used 46265K, committed 46528K, reserved 1097728K
  class space    used 5638K, committed 5760K, reserved 1048576K
}
Event: 11.214 GC heap after
{Heap after GC invocations=16 (full 0):
 garbage-first heap   total 581632K, used 296697K [0x0000000400800000, 0x0000000800000000)
  region size 8192K, 2 young (16384K), 2 survivors (16384K)
 Metaspace       used 46265K, committed 46528K, reserved 1097728K
  class space    used 5638K, committed 5760K, reserved 1048576K
}
Event: 13.740 GC heap before
{Heap before GC invocations=17 (full 0):
 garbage-first heap   total 581632K, used 329465K [0x0000000400800000, 0x0000000800000000)
  region size 8192K, 10 young (81920K), 2 survivors (16384K)
 Metaspace       used 47332K, committed 47616K, reserved 1097728K
  class space    used 5674K, committed 5824K, reserved 1048576K
}
Event: 13.756 GC heap after
{Heap after GC invocations=18 (full 0):
 garbage-first heap   total 581632K, used 281060K [0x0000000400800000, 0x0000000800000000)
  region size 8192K, 2 young (16384K), 2 survivors (16384K)
 Metaspace       used 47332K, committed 47616K, reserved 1097728K
  class space    used 5674K, committed 5824K, reserved 1048576K
}
Event: 50.904 GC heap before
{Heap before GC invocations=18 (full 0):
 garbage-first heap   total 581632K, used 354788K [0x0000000400800000, 0x0000000800000000)
  region size 8192K, 12 young (98304K), 2 survivors (16384K)
 Metaspace       used 53207K, committed 53504K, reserved 1097728K
  class space    used 6120K, committed 6272K, reserved 1048576K
}
Event: 50.907 GC heap after
{Heap after GC invocations=19 (full 0):
 garbage-first heap   total 581632K, used 285386K [0x0000000400800000, 0x0000000800000000)
  region size 8192K, 2 young (16384K), 2 survivors (16384K)
 Metaspace       used 53207K, committed 53504K, reserved 1097728K
  class space    used 6120K, committed 6272K, reserved 1048576K
}

